#! /usr/bin/vvp
:ivl_version "10.3 (stable)";
:ivl_delay_selection "TYPICAL";
:vpi_time_precision + 0;
:vpi_module "system";
:vpi_module "vhdl_sys";
:vpi_module "v2005_math";
:vpi_module "va_math";
S_0x562f809fc9d0 .scope module, "prga_fifo_tb" "prga_fifo_tb" 2 1;
 .timescale 0 0;
P_0x562f809e5310 .param/l "DATA_WIDTH" 1 2 3, +C4<00000000000000000000000000001000>;
v0x562f80a469e0_0 .net "A_dout", 7 0, L_0x562f809e3050;  1 drivers
v0x562f80a46af0_0 .net "A_empty", 0 0, L_0x562f809da6e0;  1 drivers
v0x562f80a46bc0_0 .net "A_full", 0 0, L_0x562f809da5f0;  1 drivers
v0x562f80a46cc0_0 .var "A_rd", 0 0;
v0x562f80a46d90_0 .var/i "A_rd_cnt", 31 0;
v0x562f80a46e30_0 .var "A_valid", 0 0;
v0x562f80a46ed0_0 .var/i "A_wr_cnt", 31 0;
v0x562f80a46f70_0 .net "B_dout", 7 0, v0x562f80a3ec90_0;  1 drivers
v0x562f80a47010_0 .net "B_empty", 0 0, v0x562f80a3ee90_0;  1 drivers
v0x562f80a470b0_0 .net "B_full", 0 0, L_0x562f80a4a5f0;  1 drivers
v0x562f80a47180_0 .var "B_rd", 0 0;
v0x562f80a47250_0 .var/i "B_rd_cnt", 31 0;
v0x562f80a472f0_0 .var "B_valid", 0 0;
v0x562f80a47390_0 .var/i "B_wr_cnt", 31 0;
v0x562f80a47450_0 .net "C_dout", 7 0, v0x562f80a405f0_0;  1 drivers
v0x562f80a47510_0 .net "C_empty", 0 0, v0x562f80a407c0_0;  1 drivers
v0x562f80a47600_0 .net "C_full", 0 0, L_0x562f80a4b4b0;  1 drivers
v0x562f80a477b0_0 .var "C_rd", 0 0;
v0x562f80a478a0_0 .var/i "C_rd_cnt", 31 0;
v0x562f80a47960_0 .var/i "C_wr_cnt", 31 0;
v0x562f80a47a40_0 .net "D_dout", 7 0, v0x562f80a46290_0;  1 drivers
v0x562f80a47b00_0 .net "D_empty", 0 0, v0x562f80a46470_0;  1 drivers
v0x562f80a47ba0_0 .net "D_full", 0 0, L_0x562f80a4c4b0;  1 drivers
v0x562f80a47c70_0 .var "D_rd", 0 0;
v0x562f80a47d40_0 .var/i "D_rd_cnt", 31 0;
v0x562f80a47de0_0 .var/i "D_wr_cnt", 31 0;
v0x562f80a47e80_0 .net "_B_dout", 7 0, v0x562f80a3bcc0_0;  1 drivers
v0x562f80a47f40_0 .net "_B_empty", 0 0, v0x562f80a3be60_0;  1 drivers
v0x562f80a47fe0_0 .net "_B_rd", 0 0, v0x562f80a3f1b0_0;  1 drivers
v0x562f80a48080_0 .net "_D_dout", 7 0, L_0x562f80a4b9f0;  1 drivers
v0x562f80a48190_0 .net "_D_empty", 0 0, L_0x562f80a4bb50;  1 drivers
v0x562f80a48280_0 .net "_D_rd", 0 0, v0x562f80a46700_0;  1 drivers
v0x562f80a48370_0 .net *"_s0", 7 0, L_0x562f80a49980;  1 drivers
L_0x7fd059943060 .functor BUFT 1, C4<xxxxxxxx>, C4<0>, C4<0>, C4<0>;
v0x562f80a48660_0 .net *"_s10", 7 0, L_0x7fd059943060;  1 drivers
v0x562f80a48740_0 .net *"_s16", 7 0, L_0x562f80a4b5c0;  1 drivers
L_0x7fd0599430a8 .functor BUFT 1, C4<xxxxxxxx>, C4<0>, C4<0>, C4<0>;
v0x562f80a48820_0 .net *"_s18", 7 0, L_0x7fd0599430a8;  1 drivers
L_0x7fd059943018 .functor BUFT 1, C4<xxxxxxxx>, C4<0>, C4<0>, C4<0>;
v0x562f80a48900_0 .net *"_s2", 7 0, L_0x7fd059943018;  1 drivers
v0x562f80a489e0_0 .net *"_s24", 7 0, L_0x562f80a4c5c0;  1 drivers
L_0x7fd0599430f0 .functor BUFT 1, C4<xxxxxxxx>, C4<0>, C4<0>, C4<0>;
v0x562f80a48ac0_0 .net *"_s26", 7 0, L_0x7fd0599430f0;  1 drivers
v0x562f80a48ba0_0 .net *"_s8", 7 0, L_0x562f80a4a700;  1 drivers
v0x562f80a48c80_0 .var "clk", 0 0;
v0x562f80a48d20_0 .var "error", 0 0;
v0x562f80a48de0_0 .var "rst", 0 0;
v0x562f80a48e80 .array "src", 1023 0, 7 0;
L_0x562f80a49980 .array/port v0x562f80a48e80, v0x562f80a46ed0_0;
L_0x562f80a49a20 .cmp/nee 8, L_0x562f80a49980, L_0x7fd059943018;
L_0x562f80a49bb0 .array/port v0x562f80a48e80, v0x562f80a46ed0_0;
L_0x562f80a4a700 .array/port v0x562f80a48e80, v0x562f80a47390_0;
L_0x562f80a4a7d0 .cmp/nee 8, L_0x562f80a4a700, L_0x7fd059943060;
L_0x562f80a4a960 .array/port v0x562f80a48e80, v0x562f80a47390_0;
L_0x562f80a4b5c0 .array/port v0x562f80a48e80, v0x562f80a47960_0;
L_0x562f80a4b660 .cmp/nee 8, L_0x562f80a4b5c0, L_0x7fd0599430a8;
L_0x562f80a4b840 .array/port v0x562f80a48e80, v0x562f80a47960_0;
L_0x562f80a4c5c0 .array/port v0x562f80a48e80, v0x562f80a47de0_0;
L_0x562f80a4c6c0 .cmp/nee 8, L_0x562f80a4c5c0, L_0x7fd0599430f0;
L_0x562f80a4c800 .array/port v0x562f80a48e80, v0x562f80a47de0_0;
S_0x562f80a08430 .scope module, "A" "prga_fifo" 2 52, 3 3 0, S_0x562f809fc9d0;
 .timescale 0 0;
    .port_info 0 /INPUT 1 "clk"
    .port_info 1 /INPUT 1 "rst"
    .port_info 2 /OUTPUT 1 "full"
    .port_info 3 /INPUT 1 "wr"
    .port_info 4 /INPUT 8 "din"
    .port_info 5 /OUTPUT 1 "empty"
    .port_info 6 /INPUT 1 "rd"
    .port_info 7 /OUTPUT 8 "dout"
P_0x562f809ffd70 .param/l "ALLOW_RAM_UNREGISTERED_OUTPUT" 0 3 7, +C4<00000000000000000000000000000000>;
P_0x562f809ffdb0 .param/l "DATA_WIDTH" 0 3 5, +C4<00000000000000000000000000001000>;
P_0x562f809ffdf0 .param/l "DEPTH_LOG2" 0 3 4, +C4<00000000000000000000000000000001>;
P_0x562f809ffe30 .param/l "FIFO_DEPTH" 1 3 28, +C4<000000000000000000000000000000010>;
P_0x562f809ffe70 .param/l "LOOKAHEAD" 0 3 6, +C4<00000000000000000000000000000000>;
L_0x562f809da4c0 .functor AND 1, L_0x562f80a49390, L_0x562f80a49a20, C4<1>, C4<1>;
L_0x562f809da3c0 .functor NOT 1, L_0x562f80a494d0, C4<0>, C4<0>, C4<0>;
L_0x562f809da5f0 .functor OR 1, v0x562f80a3ab70_0, L_0x562f80a497f0, C4<0>, C4<0>;
v0x562f80a39e40_0 .net *"_s10", 0 0, L_0x562f809da3c0;  1 drivers
v0x562f80a39f40_0 .net *"_s13", 0 0, L_0x562f80a495f0;  1 drivers
v0x562f80a3a020_0 .net *"_s14", 1 0, L_0x562f80a49690;  1 drivers
v0x562f80a3a0e0_0 .net *"_s16", 0 0, L_0x562f80a497f0;  1 drivers
v0x562f80a3a1a0_0 .net *"_s5", 0 0, L_0x562f80a49390;  1 drivers
v0x562f80a3a2b0_0 .net *"_s9", 0 0, L_0x562f80a494d0;  1 drivers
v0x562f80a3a390_0 .net "clk", 0 0, v0x562f80a48c80_0;  1 drivers
v0x562f80a3a450_0 .net "din", 7 0, L_0x562f80a49bb0;  1 drivers
v0x562f80a3a4f0_0 .net "dout", 7 0, L_0x562f809e3050;  alias, 1 drivers
v0x562f80a3a5b0_0 .net "empty", 0 0, L_0x562f809da6e0;  alias, 1 drivers
v0x562f80a3a690_0 .net "full", 0 0, L_0x562f809da5f0;  alias, 1 drivers
v0x562f80a3a770_0 .net "ram_dout", 7 0, v0x562f809fbda0_0;  1 drivers
v0x562f80a3a830_0 .net "rd", 0 0, v0x562f80a46cc0_0;  1 drivers
v0x562f80a3a8f0_0 .net "rd_internal", 0 0, L_0x562f809e2f20;  1 drivers
v0x562f80a3a9b0_0 .var "rd_ptr", 1 0;
v0x562f80a3aa90_0 .net "rst", 0 0, v0x562f80a48de0_0;  1 drivers
v0x562f80a3ab70_0 .var "rst_f", 0 0;
v0x562f80a3ac30_0 .net "wr", 0 0, L_0x562f80a49a20;  1 drivers
v0x562f80a3ad10_0 .var "wr_ptr", 1 0;
L_0x562f80a491b0 .part v0x562f80a3a9b0_0, 0, 1;
L_0x562f80a492a0 .part v0x562f80a3ad10_0, 0, 1;
L_0x562f80a49390 .reduce/nor L_0x562f809da5f0;
L_0x562f80a494d0 .part v0x562f80a3ad10_0, 1, 1;
L_0x562f80a495f0 .part v0x562f80a3ad10_0, 0, 1;
L_0x562f80a49690 .concat [ 1 1 0 0], L_0x562f80a495f0, L_0x562f809da3c0;
L_0x562f80a497f0 .cmp/eq 2, v0x562f80a3a9b0_0, L_0x562f80a49690;
S_0x562f80a0ca80 .scope generate, "genblk2" "genblk2" 3 65, 3 65 0, S_0x562f80a08430;
 .timescale 0 0;
L_0x562f809e2f20 .functor BUFZ 1, v0x562f80a46cc0_0, C4<0>, C4<0>, C4<0>;
L_0x562f809e3050 .functor BUFZ 8, v0x562f809fbda0_0, C4<00000000>, C4<00000000>, C4<00000000>;
L_0x562f809da6e0 .functor OR 1, v0x562f80a3ab70_0, L_0x562f80a49070, C4<0>, C4<0>;
v0x562f809ffb50_0 .net *"_s4", 0 0, L_0x562f80a49070;  1 drivers
L_0x562f80a49070 .cmp/eq 2, v0x562f80a3a9b0_0, v0x562f80a3ad10_0;
S_0x562f80a0faf0 .scope module, "ram" "prga_ram_1r1w" 3 39, 4 2 0, S_0x562f80a08430;
 .timescale 0 0;
    .port_info 0 /INPUT 1 "clk"
    .port_info 1 /INPUT 1 "raddr"
    .port_info 2 /OUTPUT 8 "dout"
    .port_info 3 /INPUT 1 "waddr"
    .port_info 4 /INPUT 8 "din"
    .port_info 5 /INPUT 1 "we"
P_0x562f80a14cf0 .param/l "ADDR_WIDTH" 0 4 4, +C4<00000000000000000000000000000001>;
P_0x562f80a14d30 .param/l "DATA_WIDTH" 0 4 3, +C4<00000000000000000000000000001000>;
P_0x562f80a14d70 .param/l "RAM_ROWS" 0 4 5, +C4<000000000000000000000000000000010>;
P_0x562f80a14db0 .param/l "REGISTER_OUTPUT" 0 4 6, C4<1>;
v0x562f809fdac0_0 .net "clk", 0 0, v0x562f80a48c80_0;  alias, 1 drivers
v0x562f809fdf30 .array "data", 0 1, 7 0;
v0x562f809fb120_0 .net "din", 7 0, L_0x562f80a49bb0;  alias, 1 drivers
v0x562f809fbda0_0 .var "dout", 7 0;
v0x562f809f8a50_0 .net "raddr", 0 0, L_0x562f80a491b0;  1 drivers
v0x562f80a39bc0_0 .net "waddr", 0 0, L_0x562f80a492a0;  1 drivers
v0x562f80a39ca0_0 .net "we", 0 0, L_0x562f809da4c0;  1 drivers
S_0x562f80a0e420 .scope generate, "genblk1" "genblk1" 4 26, 4 26 0, S_0x562f80a0faf0;
 .timescale 0 0;
E_0x562f809dcb40 .event posedge, v0x562f809fdac0_0;
S_0x562f80a03bf0 .scope module, "B" "prga_fifo" 2 66, 3 3 0, S_0x562f809fc9d0;
 .timescale 0 0;
    .port_info 0 /INPUT 1 "clk"
    .port_info 1 /INPUT 1 "rst"
    .port_info 2 /OUTPUT 1 "full"
    .port_info 3 /INPUT 1 "wr"
    .port_info 4 /INPUT 8 "din"
    .port_info 5 /OUTPUT 1 "empty"
    .port_info 6 /INPUT 1 "rd"
    .port_info 7 /OUTPUT 8 "dout"
P_0x562f80a3af60 .param/l "ALLOW_RAM_UNREGISTERED_OUTPUT" 0 3 7, +C4<00000000000000000000000000000000>;
P_0x562f80a3afa0 .param/l "DATA_WIDTH" 0 3 5, +C4<00000000000000000000000000001000>;
P_0x562f80a3afe0 .param/l "DEPTH_LOG2" 0 3 4, +C4<00000000000000000000000000000001>;
P_0x562f80a3b020 .param/l "FIFO_DEPTH" 1 3 28, +C4<000000000000000000000000000000010>;
P_0x562f80a3b060 .param/l "LOOKAHEAD" 0 3 6, +C4<00000000000000000000000000000001>;
L_0x562f80a4a0b0 .functor AND 1, L_0x562f80a49fc0, L_0x562f80a4a7d0, C4<1>, C4<1>;
L_0x562f80a4a240 .functor NOT 1, L_0x562f80a4a170, C4<0>, C4<0>, C4<0>;
L_0x562f80a4a5f0 .functor OR 1, v0x562f80a3e090_0, L_0x562f80a4a500, C4<0>, C4<0>;
v0x562f80a3d320_0 .net *"_s10", 0 0, L_0x562f80a4a240;  1 drivers
v0x562f80a3d420_0 .net *"_s13", 0 0, L_0x562f80a4a300;  1 drivers
v0x562f80a3d500_0 .net *"_s14", 1 0, L_0x562f80a4a3a0;  1 drivers
v0x562f80a3d5c0_0 .net *"_s16", 0 0, L_0x562f80a4a500;  1 drivers
v0x562f80a3d680_0 .net *"_s5", 0 0, L_0x562f80a49fc0;  1 drivers
v0x562f80a3d790_0 .net *"_s9", 0 0, L_0x562f80a4a170;  1 drivers
v0x562f80a3d870_0 .net "clk", 0 0, v0x562f80a48c80_0;  alias, 1 drivers
v0x562f80a3d930_0 .net "din", 7 0, L_0x562f80a4a960;  1 drivers
v0x562f80a3d9f0_0 .net "dout", 7 0, v0x562f80a3bcc0_0;  alias, 1 drivers
v0x562f80a3db50_0 .net "empty", 0 0, v0x562f80a3be60_0;  alias, 1 drivers
v0x562f80a3dc20_0 .net "full", 0 0, L_0x562f80a4a5f0;  alias, 1 drivers
v0x562f80a3dce0_0 .net "ram_dout", 7 0, v0x562f80a3cea0_0;  1 drivers
v0x562f80a3dda0_0 .net "rd", 0 0, v0x562f80a3f1b0_0;  alias, 1 drivers
v0x562f80a3de60_0 .net "rd_internal", 0 0, v0x562f80a3c150_0;  1 drivers
v0x562f80a3df30_0 .var "rd_ptr", 1 0;
v0x562f80a3dfd0_0 .net "rst", 0 0, v0x562f80a48de0_0;  alias, 1 drivers
v0x562f80a3e090_0 .var "rst_f", 0 0;
v0x562f80a3e260_0 .net "wr", 0 0, L_0x562f80a4a7d0;  1 drivers
v0x562f80a3e340_0 .var "wr_ptr", 1 0;
L_0x562f80a49de0 .part v0x562f80a3df30_0, 0, 1;
L_0x562f80a49ed0 .part v0x562f80a3e340_0, 0, 1;
L_0x562f80a49fc0 .reduce/nor L_0x562f80a4a5f0;
L_0x562f80a4a170 .part v0x562f80a3e340_0, 1, 1;
L_0x562f80a4a300 .part v0x562f80a3e340_0, 0, 1;
L_0x562f80a4a3a0 .concat [ 1 1 0 0], L_0x562f80a4a300, L_0x562f80a4a240;
L_0x562f80a4a500 .cmp/eq 2, v0x562f80a3df30_0, L_0x562f80a4a3a0;
S_0x562f80a0b880 .scope generate, "genblk1" "genblk1" 3 65, 3 65 0, S_0x562f80a03bf0;
 .timescale 0 0;
L_0x562f809dd340 .functor OR 1, v0x562f80a3e090_0, L_0x562f80a49cf0, C4<0>, C4<0>;
v0x562f80a3c420_0 .net *"_s0", 0 0, L_0x562f80a49cf0;  1 drivers
L_0x562f80a49cf0 .cmp/eq 2, v0x562f80a3df30_0, v0x562f80a3e340_0;
S_0x562f80a118a0 .scope module, "buffer" "prga_fifo_lookahead_buffer" 3 69, 5 5 0, S_0x562f80a0b880;
 .timescale 0 0;
    .port_info 0 /INPUT 1 "clk"
    .port_info 1 /INPUT 1 "rst"
    .port_info 2 /INPUT 1 "empty_i"
    .port_info 3 /OUTPUT 1 "rd_i"
    .port_info 4 /INPUT 8 "dout_i"
    .port_info 5 /OUTPUT 1 "empty"
    .port_info 6 /INPUT 1 "rd"
    .port_info 7 /OUTPUT 8 "dout"
P_0x562f80a13bd0 .param/l "DATA_WIDTH" 0 5 6, +C4<00000000000000000000000000001000>;
P_0x562f80a13c10 .param/l "REVERSED" 0 5 7, +C4<00000000000000000000000000000000>;
v0x562f80a3bb90_0 .net "clk", 0 0, v0x562f80a48c80_0;  alias, 1 drivers
v0x562f80a3bcc0_0 .var "dout", 7 0;
v0x562f80a3bda0_0 .net "dout_i", 7 0, v0x562f80a3cea0_0;  alias, 1 drivers
v0x562f80a3be60_0 .var "empty", 0 0;
v0x562f80a3bf40_0 .net "empty_i", 0 0, L_0x562f809dd340;  1 drivers
v0x562f80a3c070_0 .net "rd", 0 0, v0x562f80a3f1b0_0;  alias, 1 drivers
v0x562f80a3c150_0 .var "rd_i", 0 0;
v0x562f80a3c230_0 .net "rst", 0 0, v0x562f80a48de0_0;  alias, 1 drivers
S_0x562f80a3b790 .scope generate, "genblk2" "genblk2" 5 21, 5 21 0, S_0x562f80a118a0;
 .timescale 0 0;
v0x562f80a3b9d0_0 .var "dout_i_f", 7 0;
v0x562f80a3bad0_0 .var "dout_i_valid", 0 0;
E_0x562f809daf30/0 .event edge, v0x562f80a3be60_0, v0x562f80a3c070_0, v0x562f80a3bad0_0, v0x562f80a3bda0_0;
E_0x562f809daf30/1 .event edge, v0x562f80a3b9d0_0;
E_0x562f809daf30 .event/or E_0x562f809daf30/0, E_0x562f809daf30/1;
S_0x562f80a3c500 .scope module, "ram" "prga_ram_1r1w" 3 39, 4 2 0, S_0x562f80a03bf0;
 .timescale 0 0;
    .port_info 0 /INPUT 1 "clk"
    .port_info 1 /INPUT 1 "raddr"
    .port_info 2 /OUTPUT 8 "dout"
    .port_info 3 /INPUT 1 "waddr"
    .port_info 4 /INPUT 8 "din"
    .port_info 5 /INPUT 1 "we"
P_0x562f80a3c6a0 .param/l "ADDR_WIDTH" 0 4 4, +C4<00000000000000000000000000000001>;
P_0x562f80a3c6e0 .param/l "DATA_WIDTH" 0 4 3, +C4<00000000000000000000000000001000>;
P_0x562f80a3c720 .param/l "RAM_ROWS" 0 4 5, +C4<000000000000000000000000000000010>;
P_0x562f80a3c760 .param/l "REGISTER_OUTPUT" 0 4 6, C4<1>;
v0x562f80a3cc10_0 .net "clk", 0 0, v0x562f80a48c80_0;  alias, 1 drivers
v0x562f80a3ccf0 .array "data", 0 1, 7 0;
v0x562f80a3cdb0_0 .net "din", 7 0, L_0x562f80a4a960;  alias, 1 drivers
v0x562f80a3cea0_0 .var "dout", 7 0;
v0x562f80a3cf90_0 .net "raddr", 0 0, L_0x562f80a49de0;  1 drivers
v0x562f80a3d0a0_0 .net "waddr", 0 0, L_0x562f80a49ed0;  1 drivers
v0x562f80a3d180_0 .net "we", 0 0, L_0x562f80a4a0b0;  1 drivers
S_0x562f80a3ca40 .scope generate, "genblk1" "genblk1" 4 26, 4 26 0, S_0x562f80a3c500;
 .timescale 0 0;
S_0x562f80a3e570 .scope module, "B_buffer" "prga_fifo_lookahead_buffer" 2 80, 5 5 0, S_0x562f809fc9d0;
 .timescale 0 0;
    .port_info 0 /INPUT 1 "clk"
    .port_info 1 /INPUT 1 "rst"
    .port_info 2 /INPUT 1 "empty_i"
    .port_info 3 /OUTPUT 1 "rd_i"
    .port_info 4 /INPUT 8 "dout_i"
    .port_info 5 /OUTPUT 1 "empty"
    .port_info 6 /INPUT 1 "rd"
    .port_info 7 /OUTPUT 8 "dout"
P_0x562f80a3da90 .param/l "DATA_WIDTH" 0 5 6, +C4<00000000000000000000000000001000>;
P_0x562f80a3dad0 .param/l "REVERSED" 0 5 7, +C4<00000000000000000000000000000001>;
v0x562f80a3ebb0_0 .net "clk", 0 0, v0x562f80a48c80_0;  alias, 1 drivers
v0x562f80a3ec90_0 .var "dout", 7 0;
v0x562f80a3ed70_0 .net "dout_i", 7 0, v0x562f80a3bcc0_0;  alias, 1 drivers
v0x562f80a3ee90_0 .var "empty", 0 0;
v0x562f80a3ef70_0 .net "empty_i", 0 0, v0x562f80a3be60_0;  alias, 1 drivers
v0x562f80a3f0d0_0 .net "rd", 0 0, v0x562f80a47180_0;  1 drivers
v0x562f80a3f1b0_0 .var "rd_i", 0 0;
v0x562f80a3f2c0_0 .net "rst", 0 0, v0x562f80a48de0_0;  alias, 1 drivers
S_0x562f80a3e9a0 .scope generate, "genblk1" "genblk1" 5 21, 5 21 0, S_0x562f80a3e570;
 .timescale 0 0;
E_0x562f809dd610 .event edge, v0x562f80a3be60_0, v0x562f80a3f0d0_0;
S_0x562f80a3f4d0 .scope module, "C" "prga_fifo" 2 94, 3 3 0, S_0x562f809fc9d0;
 .timescale 0 0;
    .port_info 0 /INPUT 1 "clk"
    .port_info 1 /INPUT 1 "rst"
    .port_info 2 /OUTPUT 1 "full"
    .port_info 3 /INPUT 1 "wr"
    .port_info 4 /INPUT 8 "din"
    .port_info 5 /OUTPUT 1 "empty"
    .port_info 6 /INPUT 1 "rd"
    .port_info 7 /OUTPUT 8 "dout"
P_0x562f80a3f650 .param/l "ALLOW_RAM_UNREGISTERED_OUTPUT" 0 3 7, +C4<00000000000000000000000000000000>;
P_0x562f80a3f690 .param/l "DATA_WIDTH" 0 3 5, +C4<00000000000000000000000000001000>;
P_0x562f80a3f6d0 .param/l "DEPTH_LOG2" 0 3 4, +C4<00000000000000000000000000000001>;
P_0x562f80a3f710 .param/l "FIFO_DEPTH" 1 3 28, +C4<000000000000000000000000000000010>;
P_0x562f80a3f750 .param/l "LOOKAHEAD" 0 3 6, +C4<00000000000000000000000000000001>;
L_0x562f80a4af10 .functor AND 1, L_0x562f80a4ae20, L_0x562f80a4b660, C4<1>, C4<1>;
L_0x562f80a4b070 .functor NOT 1, L_0x562f80a4afd0, C4<0>, C4<0>, C4<0>;
L_0x562f80a4b4b0 .functor OR 1, v0x562f80a42b20_0, L_0x562f80a4b3c0, C4<0>, C4<0>;
v0x562f80a41d30_0 .net *"_s10", 0 0, L_0x562f80a4b070;  1 drivers
v0x562f80a41e30_0 .net *"_s13", 0 0, L_0x562f80a4b130;  1 drivers
v0x562f80a41f10_0 .net *"_s14", 1 0, L_0x562f80a4b260;  1 drivers
v0x562f80a41fd0_0 .net *"_s16", 0 0, L_0x562f80a4b3c0;  1 drivers
v0x562f80a42090_0 .net *"_s5", 0 0, L_0x562f80a4ae20;  1 drivers
v0x562f80a421a0_0 .net *"_s9", 0 0, L_0x562f80a4afd0;  1 drivers
v0x562f80a42280_0 .net "clk", 0 0, v0x562f80a48c80_0;  alias, 1 drivers
v0x562f80a42450_0 .net "din", 7 0, L_0x562f80a4b840;  1 drivers
v0x562f80a42510_0 .net "dout", 7 0, v0x562f80a405f0_0;  alias, 1 drivers
v0x562f80a425e0_0 .net "empty", 0 0, v0x562f80a407c0_0;  alias, 1 drivers
v0x562f80a426b0_0 .net "full", 0 0, L_0x562f80a4b4b0;  alias, 1 drivers
v0x562f80a42770_0 .net "ram_dout", 7 0, v0x562f80a41870_0;  1 drivers
v0x562f80a42830_0 .net "rd", 0 0, v0x562f80a477b0_0;  1 drivers
v0x562f80a428f0_0 .net "rd_internal", 0 0, v0x562f80a40ab0_0;  1 drivers
v0x562f80a429c0_0 .var "rd_ptr", 1 0;
v0x562f80a42a60_0 .net "rst", 0 0, v0x562f80a48de0_0;  alias, 1 drivers
v0x562f80a42b20_0 .var "rst_f", 0 0;
v0x562f80a42cf0_0 .net "wr", 0 0, L_0x562f80a4b660;  1 drivers
v0x562f80a42dd0_0 .var "wr_ptr", 1 0;
L_0x562f80a4ac40 .part v0x562f80a429c0_0, 0, 1;
L_0x562f80a4ad30 .part v0x562f80a42dd0_0, 0, 1;
L_0x562f80a4ae20 .reduce/nor L_0x562f80a4b4b0;
L_0x562f80a4afd0 .part v0x562f80a42dd0_0, 1, 1;
L_0x562f80a4b130 .part v0x562f80a42dd0_0, 0, 1;
L_0x562f80a4b260 .concat [ 1 1 0 0], L_0x562f80a4b130, L_0x562f80a4b070;
L_0x562f80a4b3c0 .cmp/eq 2, v0x562f80a429c0_0, L_0x562f80a4b260;
S_0x562f80a3fa80 .scope generate, "genblk1" "genblk1" 3 65, 3 65 0, S_0x562f80a3f4d0;
 .timescale 0 0;
L_0x562f80a4ab80 .functor OR 1, v0x562f80a42b20_0, L_0x562f80a4aae0, C4<0>, C4<0>;
v0x562f80a40d50_0 .net *"_s0", 0 0, L_0x562f80a4aae0;  1 drivers
L_0x562f80a4aae0 .cmp/eq 2, v0x562f80a429c0_0, v0x562f80a42dd0_0;
S_0x562f80a3fc70 .scope module, "buffer" "prga_fifo_lookahead_buffer" 3 69, 5 5 0, S_0x562f80a3fa80;
 .timescale 0 0;
    .port_info 0 /INPUT 1 "clk"
    .port_info 1 /INPUT 1 "rst"
    .port_info 2 /INPUT 1 "empty_i"
    .port_info 3 /OUTPUT 1 "rd_i"
    .port_info 4 /INPUT 8 "dout_i"
    .port_info 5 /OUTPUT 1 "empty"
    .port_info 6 /INPUT 1 "rd"
    .port_info 7 /OUTPUT 8 "dout"
P_0x562f80a3e740 .param/l "DATA_WIDTH" 0 5 6, +C4<00000000000000000000000000001000>;
P_0x562f80a3e780 .param/l "REVERSED" 0 5 7, +C4<00000000000000000000000000000000>;
v0x562f80a40510_0 .net "clk", 0 0, v0x562f80a48c80_0;  alias, 1 drivers
v0x562f80a405f0_0 .var "dout", 7 0;
v0x562f80a406d0_0 .net "dout_i", 7 0, v0x562f80a41870_0;  alias, 1 drivers
v0x562f80a407c0_0 .var "empty", 0 0;
v0x562f80a408a0_0 .net "empty_i", 0 0, L_0x562f80a4ab80;  1 drivers
v0x562f80a409d0_0 .net "rd", 0 0, v0x562f80a477b0_0;  alias, 1 drivers
v0x562f80a40ab0_0 .var "rd_i", 0 0;
v0x562f80a40b90_0 .net "rst", 0 0, v0x562f80a48de0_0;  alias, 1 drivers
S_0x562f80a40110 .scope generate, "genblk2" "genblk2" 5 21, 5 21 0, S_0x562f80a3fc70;
 .timescale 0 0;
v0x562f80a40350_0 .var "dout_i_f", 7 0;
v0x562f80a40450_0 .var "dout_i_valid", 0 0;
E_0x562f80a1e2a0/0 .event edge, v0x562f80a407c0_0, v0x562f80a409d0_0, v0x562f80a40450_0, v0x562f80a406d0_0;
E_0x562f80a1e2a0/1 .event edge, v0x562f80a40350_0;
E_0x562f80a1e2a0 .event/or E_0x562f80a1e2a0/0, E_0x562f80a1e2a0/1;
S_0x562f80a40e30 .scope module, "ram" "prga_ram_1r1w" 3 39, 4 2 0, S_0x562f80a3f4d0;
 .timescale 0 0;
    .port_info 0 /INPUT 1 "clk"
    .port_info 1 /INPUT 1 "raddr"
    .port_info 2 /OUTPUT 8 "dout"
    .port_info 3 /INPUT 1 "waddr"
    .port_info 4 /INPUT 8 "din"
    .port_info 5 /INPUT 1 "we"
P_0x562f80a40fd0 .param/l "ADDR_WIDTH" 0 4 4, +C4<00000000000000000000000000000001>;
P_0x562f80a41010 .param/l "DATA_WIDTH" 0 4 3, +C4<00000000000000000000000000001000>;
P_0x562f80a41050 .param/l "RAM_ROWS" 0 4 5, +C4<000000000000000000000000000000010>;
P_0x562f80a41090 .param/l "REGISTER_OUTPUT" 0 4 6, C4<1>;
v0x562f80a415e0_0 .net "clk", 0 0, v0x562f80a48c80_0;  alias, 1 drivers
v0x562f80a416c0 .array "data", 0 1, 7 0;
v0x562f80a41780_0 .net "din", 7 0, L_0x562f80a4b840;  alias, 1 drivers
v0x562f80a41870_0 .var "dout", 7 0;
v0x562f80a41960_0 .net "raddr", 0 0, L_0x562f80a4ac40;  1 drivers
v0x562f80a41a70_0 .net "waddr", 0 0, L_0x562f80a4ad30;  1 drivers
v0x562f80a41b50_0 .net "we", 0 0, L_0x562f80a4af10;  1 drivers
S_0x562f80a41410 .scope generate, "genblk1" "genblk1" 4 26, 4 26 0, S_0x562f80a40e30;
 .timescale 0 0;
S_0x562f80a43000 .scope module, "D" "prga_fifo" 2 108, 3 3 0, S_0x562f809fc9d0;
 .timescale 0 0;
    .port_info 0 /INPUT 1 "clk"
    .port_info 1 /INPUT 1 "rst"
    .port_info 2 /OUTPUT 1 "full"
    .port_info 3 /INPUT 1 "wr"
    .port_info 4 /INPUT 8 "din"
    .port_info 5 /OUTPUT 1 "empty"
    .port_info 6 /INPUT 1 "rd"
    .port_info 7 /OUTPUT 8 "dout"
P_0x562f80a431d0 .param/l "ALLOW_RAM_UNREGISTERED_OUTPUT" 0 3 7, +C4<00000000000000000000000000000000>;
P_0x562f80a43210 .param/l "DATA_WIDTH" 0 3 5, +C4<00000000000000000000000000001000>;
P_0x562f80a43250 .param/l "DEPTH_LOG2" 0 3 4, +C4<00000000000000000000000000000001>;
P_0x562f80a43290 .param/l "FIFO_DEPTH" 1 3 28, +C4<000000000000000000000000000000010>;
P_0x562f80a432d0 .param/l "LOOKAHEAD" 0 3 6, +C4<00000000000000000000000000000000>;
L_0x562f80a4bee0 .functor AND 1, L_0x562f80a4bdf0, L_0x562f80a4c6c0, C4<1>, C4<1>;
L_0x562f80a4c070 .functor NOT 1, L_0x562f80a4bfa0, C4<0>, C4<0>, C4<0>;
L_0x562f80a4c4b0 .functor OR 1, v0x562f80a45580_0, L_0x562f80a4c3c0, C4<0>, C4<0>;
v0x562f80a44820_0 .net *"_s10", 0 0, L_0x562f80a4c070;  1 drivers
v0x562f80a44920_0 .net *"_s13", 0 0, L_0x562f80a4c130;  1 drivers
v0x562f80a44a00_0 .net *"_s14", 1 0, L_0x562f80a4c260;  1 drivers
v0x562f80a44ac0_0 .net *"_s16", 0 0, L_0x562f80a4c3c0;  1 drivers
v0x562f80a44b80_0 .net *"_s5", 0 0, L_0x562f80a4bdf0;  1 drivers
v0x562f80a44c90_0 .net *"_s9", 0 0, L_0x562f80a4bfa0;  1 drivers
v0x562f80a44d70_0 .net "clk", 0 0, v0x562f80a48c80_0;  alias, 1 drivers
v0x562f80a44e30_0 .net "din", 7 0, L_0x562f80a4c800;  1 drivers
v0x562f80a44ef0_0 .net "dout", 7 0, L_0x562f80a4b9f0;  alias, 1 drivers
v0x562f80a44fb0_0 .net "empty", 0 0, L_0x562f80a4bb50;  alias, 1 drivers
v0x562f80a45090_0 .net "full", 0 0, L_0x562f80a4c4b0;  alias, 1 drivers
v0x562f80a45170_0 .net "ram_dout", 7 0, v0x562f80a44350_0;  1 drivers
v0x562f80a45260_0 .net "rd", 0 0, v0x562f80a46700_0;  alias, 1 drivers
v0x562f80a45320_0 .net "rd_internal", 0 0, L_0x562f80a4b980;  1 drivers
v0x562f80a453e0_0 .var "rd_ptr", 1 0;
v0x562f80a454c0_0 .net "rst", 0 0, v0x562f80a48de0_0;  alias, 1 drivers
v0x562f80a45580_0 .var "rst_f", 0 0;
v0x562f80a45750_0 .net "wr", 0 0, L_0x562f80a4c6c0;  1 drivers
v0x562f80a45830_0 .var "wr_ptr", 1 0;
L_0x562f80a4bc10 .part v0x562f80a453e0_0, 0, 1;
L_0x562f80a4bd00 .part v0x562f80a45830_0, 0, 1;
L_0x562f80a4bdf0 .reduce/nor L_0x562f80a4c4b0;
L_0x562f80a4bfa0 .part v0x562f80a45830_0, 1, 1;
L_0x562f80a4c130 .part v0x562f80a45830_0, 0, 1;
L_0x562f80a4c260 .concat [ 1 1 0 0], L_0x562f80a4c130, L_0x562f80a4c070;
L_0x562f80a4c3c0 .cmp/eq 2, v0x562f80a453e0_0, L_0x562f80a4c260;
S_0x562f80a43690 .scope generate, "genblk2" "genblk2" 3 65, 3 65 0, S_0x562f80a43000;
 .timescale 0 0;
L_0x562f80a4b980 .functor BUFZ 1, v0x562f80a46700_0, C4<0>, C4<0>, C4<0>;
L_0x562f80a4b9f0 .functor BUFZ 8, v0x562f80a44350_0, C4<00000000>, C4<00000000>, C4<00000000>;
L_0x562f80a4bb50 .functor OR 1, v0x562f80a45580_0, L_0x562f80a4bab0, C4<0>, C4<0>;
v0x562f80a43880_0 .net *"_s4", 0 0, L_0x562f80a4bab0;  1 drivers
L_0x562f80a4bab0 .cmp/eq 2, v0x562f80a453e0_0, v0x562f80a45830_0;
S_0x562f80a43960 .scope module, "ram" "prga_ram_1r1w" 3 39, 4 2 0, S_0x562f80a43000;
 .timescale 0 0;
    .port_info 0 /INPUT 1 "clk"
    .port_info 1 /INPUT 1 "raddr"
    .port_info 2 /OUTPUT 8 "dout"
    .port_info 3 /INPUT 1 "waddr"
    .port_info 4 /INPUT 8 "din"
    .port_info 5 /INPUT 1 "we"
P_0x562f80a43b50 .param/l "ADDR_WIDTH" 0 4 4, +C4<00000000000000000000000000000001>;
P_0x562f80a43b90 .param/l "DATA_WIDTH" 0 4 3, +C4<00000000000000000000000000001000>;
P_0x562f80a43bd0 .param/l "RAM_ROWS" 0 4 5, +C4<000000000000000000000000000000010>;
P_0x562f80a43c10 .param/l "REGISTER_OUTPUT" 0 4 6, C4<1>;
v0x562f80a440c0_0 .net "clk", 0 0, v0x562f80a48c80_0;  alias, 1 drivers
v0x562f80a441a0 .array "data", 0 1, 7 0;
v0x562f80a44260_0 .net "din", 7 0, L_0x562f80a4c800;  alias, 1 drivers
v0x562f80a44350_0 .var "dout", 7 0;
v0x562f80a44430_0 .net "raddr", 0 0, L_0x562f80a4bc10;  1 drivers
v0x562f80a44560_0 .net "waddr", 0 0, L_0x562f80a4bd00;  1 drivers
v0x562f80a44640_0 .net "we", 0 0, L_0x562f80a4bee0;  1 drivers
S_0x562f80a43ef0 .scope generate, "genblk1" "genblk1" 4 26, 4 26 0, S_0x562f80a43960;
 .timescale 0 0;
S_0x562f80a45a10 .scope module, "D_buffer" "prga_fifo_lookahead_buffer" 2 122, 5 5 0, S_0x562f809fc9d0;
 .timescale 0 0;
    .port_info 0 /INPUT 1 "clk"
    .port_info 1 /INPUT 1 "rst"
    .port_info 2 /INPUT 1 "empty_i"
    .port_info 3 /OUTPUT 1 "rd_i"
    .port_info 4 /INPUT 8 "dout_i"
    .port_info 5 /OUTPUT 1 "empty"
    .port_info 6 /INPUT 1 "rd"
    .port_info 7 /OUTPUT 8 "dout"
P_0x562f80a3b530 .param/l "DATA_WIDTH" 0 5 6, +C4<00000000000000000000000000001000>;
P_0x562f80a3b570 .param/l "REVERSED" 0 5 7, +C4<00000000000000000000000000000000>;
v0x562f80a461b0_0 .net "clk", 0 0, v0x562f80a48c80_0;  alias, 1 drivers
v0x562f80a46290_0 .var "dout", 7 0;
v0x562f80a46370_0 .net "dout_i", 7 0, L_0x562f80a4b9f0;  alias, 1 drivers
v0x562f80a46470_0 .var "empty", 0 0;
v0x562f80a46530_0 .net "empty_i", 0 0, L_0x562f80a4bb50;  alias, 1 drivers
v0x562f80a46640_0 .net "rd", 0 0, v0x562f80a47c70_0;  1 drivers
v0x562f80a46700_0 .var "rd_i", 0 0;
v0x562f80a467f0_0 .net "rst", 0 0, v0x562f80a48de0_0;  alias, 1 drivers
S_0x562f80a45db0 .scope generate, "genblk2" "genblk2" 5 21, 5 21 0, S_0x562f80a45a10;
 .timescale 0 0;
v0x562f80a45ff0_0 .var "dout_i_f", 7 0;
v0x562f80a460f0_0 .var "dout_i_valid", 0 0;
E_0x562f80a41330/0 .event edge, v0x562f80a46470_0, v0x562f80a46640_0, v0x562f80a460f0_0, v0x562f80a44ef0_0;
E_0x562f80a41330/1 .event edge, v0x562f80a45ff0_0;
E_0x562f80a41330 .event/or E_0x562f80a41330/0, E_0x562f80a41330/1;
    .scope S_0x562f80a0e420;
T_0 ;
    %wait E_0x562f809dcb40;
    %load/vec4 v0x562f809f8a50_0;
    %pad/u 3;
    %ix/vec4 4;
    %load/vec4a v0x562f809fdf30, 4;
    %assign/vec4 v0x562f809fbda0_0, 0;
    %jmp T_0;
    .thread T_0;
    .scope S_0x562f80a0faf0;
T_1 ;
    %wait E_0x562f809dcb40;
    %load/vec4 v0x562f80a39ca0_0;
    %flag_set/vec4 8;
    %jmp/0xz  T_1.0, 8;
    %load/vec4 v0x562f809fb120_0;
    %load/vec4 v0x562f80a39bc0_0;
    %pad/u 3;
    %ix/vec4 3;
    %ix/load 4, 0, 0; Constant delay
    %assign/vec4/a/d v0x562f809fdf30, 0, 4;
T_1.0 ;
    %jmp T_1;
    .thread T_1;
    .scope S_0x562f80a08430;
T_2 ;
    %wait E_0x562f809dcb40;
    %load/vec4 v0x562f80a3aa90_0;
    %assign/vec4 v0x562f80a3ab70_0, 0;
    %jmp T_2;
    .thread T_2;
    .scope S_0x562f80a08430;
T_3 ;
    %wait E_0x562f809dcb40;
    %load/vec4 v0x562f80a3aa90_0;
    %flag_set/vec4 8;
    %jmp/0xz  T_3.0, 8;
    %pushi/vec4 0, 0, 2;
    %assign/vec4 v0x562f80a3ad10_0, 0;
    %pushi/vec4 0, 0, 2;
    %assign/vec4 v0x562f80a3a9b0_0, 0;
    %jmp T_3.1;
T_3.0 ;
    %load/vec4 v0x562f80a3a690_0;
    %inv;
    %load/vec4 v0x562f80a3ac30_0;
    %and;
    %flag_set/vec4 8;
    %jmp/0xz  T_3.2, 8;
    %load/vec4 v0x562f80a3ad10_0;
    %addi 1, 0, 2;
    %assign/vec4 v0x562f80a3ad10_0, 0;
T_3.2 ;
    %load/vec4 v0x562f80a3a5b0_0;
    %inv;
    %load/vec4 v0x562f80a3a8f0_0;
    %and;
    %flag_set/vec4 8;
    %jmp/0xz  T_3.4, 8;
    %load/vec4 v0x562f80a3a9b0_0;
    %addi 1, 0, 2;
    %assign/vec4 v0x562f80a3a9b0_0, 0;
T_3.4 ;
T_3.1 ;
    %jmp T_3;
    .thread T_3;
    .scope S_0x562f80a3b790;
T_4 ;
    %wait E_0x562f809dcb40;
    %load/vec4 v0x562f80a3c230_0;
    %flag_set/vec4 8;
    %jmp/0xz  T_4.0, 8;
    %pushi/vec4 1, 0, 1;
    %assign/vec4 v0x562f80a3be60_0, 0;
    %pushi/vec4 0, 0, 1;
    %assign/vec4 v0x562f80a3bad0_0, 0;
    %jmp T_4.1;
T_4.0 ;
    %load/vec4 v0x562f80a3bf40_0;
    %inv;
    %load/vec4 v0x562f80a3c150_0;
    %and;
    %flag_set/vec4 8;
    %jmp/0xz  T_4.2, 8;
    %pushi/vec4 0, 0, 1;
    %assign/vec4 v0x562f80a3be60_0, 0;
    %jmp T_4.3;
T_4.2 ;
    %load/vec4 v0x562f80a3c070_0;
    %flag_set/vec4 8;
    %jmp/0xz  T_4.4, 8;
    %pushi/vec4 1, 0, 1;
    %assign/vec4 v0x562f80a3be60_0, 0;
T_4.4 ;
T_4.3 ;
    %load/vec4 v0x562f80a3bf40_0;
    %inv;
    %load/vec4 v0x562f80a3c150_0;
    %and;
    %assign/vec4 v0x562f80a3bad0_0, 0;
T_4.1 ;
    %jmp T_4;
    .thread T_4;
    .scope S_0x562f80a3b790;
T_5 ;
    %wait E_0x562f809dcb40;
    %load/vec4 v0x562f80a3bad0_0;
    %flag_set/vec4 8;
    %jmp/0xz  T_5.0, 8;
    %load/vec4 v0x562f80a3bda0_0;
    %assign/vec4 v0x562f80a3b9d0_0, 0;
T_5.0 ;
    %jmp T_5;
    .thread T_5;
    .scope S_0x562f80a3b790;
T_6 ;
    %wait E_0x562f809daf30;
    %load/vec4 v0x562f80a3be60_0;
    %load/vec4 v0x562f80a3c070_0;
    %or;
    %store/vec4 v0x562f80a3c150_0, 0, 1;
    %load/vec4 v0x562f80a3bad0_0;
    %flag_set/vec4 8;
    %jmp/0 T_6.0, 8;
    %load/vec4 v0x562f80a3bda0_0;
    %jmp/1 T_6.1, 8;
T_6.0 ; End of true expr.
    %load/vec4 v0x562f80a3b9d0_0;
    %jmp/0 T_6.1, 8;
 ; End of false expr.
    %blend;
T_6.1;
    %store/vec4 v0x562f80a3bcc0_0, 0, 8;
    %jmp T_6;
    .thread T_6, $push;
    .scope S_0x562f80a3ca40;
T_7 ;
    %wait E_0x562f809dcb40;
    %load/vec4 v0x562f80a3cf90_0;
    %pad/u 3;
    %ix/vec4 4;
    %load/vec4a v0x562f80a3ccf0, 4;
    %assign/vec4 v0x562f80a3cea0_0, 0;
    %jmp T_7;
    .thread T_7;
    .scope S_0x562f80a3c500;
T_8 ;
    %wait E_0x562f809dcb40;
    %load/vec4 v0x562f80a3d180_0;
    %flag_set/vec4 8;
    %jmp/0xz  T_8.0, 8;
    %load/vec4 v0x562f80a3cdb0_0;
    %load/vec4 v0x562f80a3d0a0_0;
    %pad/u 3;
    %ix/vec4 3;
    %ix/load 4, 0, 0; Constant delay
    %assign/vec4/a/d v0x562f80a3ccf0, 0, 4;
T_8.0 ;
    %jmp T_8;
    .thread T_8;
    .scope S_0x562f80a03bf0;
T_9 ;
    %wait E_0x562f809dcb40;
    %load/vec4 v0x562f80a3dfd0_0;
    %assign/vec4 v0x562f80a3e090_0, 0;
    %jmp T_9;
    .thread T_9;
    .scope S_0x562f80a03bf0;
T_10 ;
    %wait E_0x562f809dcb40;
    %load/vec4 v0x562f80a3dfd0_0;
    %flag_set/vec4 8;
    %jmp/0xz  T_10.0, 8;
    %pushi/vec4 0, 0, 2;
    %assign/vec4 v0x562f80a3e340_0, 0;
    %pushi/vec4 0, 0, 2;
    %assign/vec4 v0x562f80a3df30_0, 0;
    %jmp T_10.1;
T_10.0 ;
    %load/vec4 v0x562f80a3dc20_0;
    %inv;
    %load/vec4 v0x562f80a3e260_0;
    %and;
    %flag_set/vec4 8;
    %jmp/0xz  T_10.2, 8;
    %load/vec4 v0x562f80a3e340_0;
    %addi 1, 0, 2;
    %assign/vec4 v0x562f80a3e340_0, 0;
T_10.2 ;
    %load/vec4 v0x562f80a3db50_0;
    %inv;
    %load/vec4 v0x562f80a3de60_0;
    %and;
    %flag_set/vec4 8;
    %jmp/0xz  T_10.4, 8;
    %load/vec4 v0x562f80a3df30_0;
    %addi 1, 0, 2;
    %assign/vec4 v0x562f80a3df30_0, 0;
T_10.4 ;
T_10.1 ;
    %jmp T_10;
    .thread T_10;
    .scope S_0x562f80a3e9a0;
T_11 ;
    %wait E_0x562f809dcb40;
    %load/vec4 v0x562f80a3ed70_0;
    %assign/vec4 v0x562f80a3ec90_0, 0;
    %jmp T_11;
    .thread T_11;
    .scope S_0x562f80a3e9a0;
T_12 ;
    %wait E_0x562f809dd610;
    %load/vec4 v0x562f80a3ef70_0;
    %store/vec4 v0x562f80a3ee90_0, 0, 1;
    %load/vec4 v0x562f80a3f0d0_0;
    %store/vec4 v0x562f80a3f1b0_0, 0, 1;
    %jmp T_12;
    .thread T_12, $push;
    .scope S_0x562f80a40110;
T_13 ;
    %wait E_0x562f809dcb40;
    %load/vec4 v0x562f80a40b90_0;
    %flag_set/vec4 8;
    %jmp/0xz  T_13.0, 8;
    %pushi/vec4 1, 0, 1;
    %assign/vec4 v0x562f80a407c0_0, 0;
    %pushi/vec4 0, 0, 1;
    %assign/vec4 v0x562f80a40450_0, 0;
    %jmp T_13.1;
T_13.0 ;
    %load/vec4 v0x562f80a408a0_0;
    %inv;
    %load/vec4 v0x562f80a40ab0_0;
    %and;
    %flag_set/vec4 8;
    %jmp/0xz  T_13.2, 8;
    %pushi/vec4 0, 0, 1;
    %assign/vec4 v0x562f80a407c0_0, 0;
    %jmp T_13.3;
T_13.2 ;
    %load/vec4 v0x562f80a409d0_0;
    %flag_set/vec4 8;
    %jmp/0xz  T_13.4, 8;
    %pushi/vec4 1, 0, 1;
    %assign/vec4 v0x562f80a407c0_0, 0;
T_13.4 ;
T_13.3 ;
    %load/vec4 v0x562f80a408a0_0;
    %inv;
    %load/vec4 v0x562f80a40ab0_0;
    %and;
    %assign/vec4 v0x562f80a40450_0, 0;
T_13.1 ;
    %jmp T_13;
    .thread T_13;
    .scope S_0x562f80a40110;
T_14 ;
    %wait E_0x562f809dcb40;
    %load/vec4 v0x562f80a40450_0;
    %flag_set/vec4 8;
    %jmp/0xz  T_14.0, 8;
    %load/vec4 v0x562f80a406d0_0;
    %assign/vec4 v0x562f80a40350_0, 0;
T_14.0 ;
    %jmp T_14;
    .thread T_14;
    .scope S_0x562f80a40110;
T_15 ;
    %wait E_0x562f80a1e2a0;
    %load/vec4 v0x562f80a407c0_0;
    %load/vec4 v0x562f80a409d0_0;
    %or;
    %store/vec4 v0x562f80a40ab0_0, 0, 1;
    %load/vec4 v0x562f80a40450_0;
    %flag_set/vec4 8;
    %jmp/0 T_15.0, 8;
    %load/vec4 v0x562f80a406d0_0;
    %jmp/1 T_15.1, 8;
T_15.0 ; End of true expr.
    %load/vec4 v0x562f80a40350_0;
    %jmp/0 T_15.1, 8;
 ; End of false expr.
    %blend;
T_15.1;
    %store/vec4 v0x562f80a405f0_0, 0, 8;
    %jmp T_15;
    .thread T_15, $push;
    .scope S_0x562f80a41410;
T_16 ;
    %wait E_0x562f809dcb40;
    %load/vec4 v0x562f80a41960_0;
    %pad/u 3;
    %ix/vec4 4;
    %load/vec4a v0x562f80a416c0, 4;
    %assign/vec4 v0x562f80a41870_0, 0;
    %jmp T_16;
    .thread T_16;
    .scope S_0x562f80a40e30;
T_17 ;
    %wait E_0x562f809dcb40;
    %load/vec4 v0x562f80a41b50_0;
    %flag_set/vec4 8;
    %jmp/0xz  T_17.0, 8;
    %load/vec4 v0x562f80a41780_0;
    %load/vec4 v0x562f80a41a70_0;
    %pad/u 3;
    %ix/vec4 3;
    %ix/load 4, 0, 0; Constant delay
    %assign/vec4/a/d v0x562f80a416c0, 0, 4;
T_17.0 ;
    %jmp T_17;
    .thread T_17;
    .scope S_0x562f80a3f4d0;
T_18 ;
    %wait E_0x562f809dcb40;
    %load/vec4 v0x562f80a42a60_0;
    %assign/vec4 v0x562f80a42b20_0, 0;
    %jmp T_18;
    .thread T_18;
    .scope S_0x562f80a3f4d0;
T_19 ;
    %wait E_0x562f809dcb40;
    %load/vec4 v0x562f80a42a60_0;
    %flag_set/vec4 8;
    %jmp/0xz  T_19.0, 8;
    %pushi/vec4 0, 0, 2;
    %assign/vec4 v0x562f80a42dd0_0, 0;
    %pushi/vec4 0, 0, 2;
    %assign/vec4 v0x562f80a429c0_0, 0;
    %jmp T_19.1;
T_19.0 ;
    %load/vec4 v0x562f80a426b0_0;
    %inv;
    %load/vec4 v0x562f80a42cf0_0;
    %and;
    %flag_set/vec4 8;
    %jmp/0xz  T_19.2, 8;
    %load/vec4 v0x562f80a42dd0_0;
    %addi 1, 0, 2;
    %assign/vec4 v0x562f80a42dd0_0, 0;
T_19.2 ;
    %load/vec4 v0x562f80a425e0_0;
    %inv;
    %load/vec4 v0x562f80a428f0_0;
    %and;
    %flag_set/vec4 8;
    %jmp/0xz  T_19.4, 8;
    %load/vec4 v0x562f80a429c0_0;
    %addi 1, 0, 2;
    %assign/vec4 v0x562f80a429c0_0, 0;
T_19.4 ;
T_19.1 ;
    %jmp T_19;
    .thread T_19;
    .scope S_0x562f80a43ef0;
T_20 ;
    %wait E_0x562f809dcb40;
    %load/vec4 v0x562f80a44430_0;
    %pad/u 3;
    %ix/vec4 4;
    %load/vec4a v0x562f80a441a0, 4;
    %assign/vec4 v0x562f80a44350_0, 0;
    %jmp T_20;
    .thread T_20;
    .scope S_0x562f80a43960;
T_21 ;
    %wait E_0x562f809dcb40;
    %load/vec4 v0x562f80a44640_0;
    %flag_set/vec4 8;
    %jmp/0xz  T_21.0, 8;
    %load/vec4 v0x562f80a44260_0;
    %load/vec4 v0x562f80a44560_0;
    %pad/u 3;
    %ix/vec4 3;
    %ix/load 4, 0, 0; Constant delay
    %assign/vec4/a/d v0x562f80a441a0, 0, 4;
T_21.0 ;
    %jmp T_21;
    .thread T_21;
    .scope S_0x562f80a43000;
T_22 ;
    %wait E_0x562f809dcb40;
    %load/vec4 v0x562f80a454c0_0;
    %assign/vec4 v0x562f80a45580_0, 0;
    %jmp T_22;
    .thread T_22;
    .scope S_0x562f80a43000;
T_23 ;
    %wait E_0x562f809dcb40;
    %load/vec4 v0x562f80a454c0_0;
    %flag_set/vec4 8;
    %jmp/0xz  T_23.0, 8;
    %pushi/vec4 0, 0, 2;
    %assign/vec4 v0x562f80a45830_0, 0;
    %pushi/vec4 0, 0, 2;
    %assign/vec4 v0x562f80a453e0_0, 0;
    %jmp T_23.1;
T_23.0 ;
    %load/vec4 v0x562f80a45090_0;
    %inv;
    %load/vec4 v0x562f80a45750_0;
    %and;
    %flag_set/vec4 8;
    %jmp/0xz  T_23.2, 8;
    %load/vec4 v0x562f80a45830_0;
    %addi 1, 0, 2;
    %assign/vec4 v0x562f80a45830_0, 0;
T_23.2 ;
    %load/vec4 v0x562f80a44fb0_0;
    %inv;
    %load/vec4 v0x562f80a45320_0;
    %and;
    %flag_set/vec4 8;
    %jmp/0xz  T_23.4, 8;
    %load/vec4 v0x562f80a453e0_0;
    %addi 1, 0, 2;
    %assign/vec4 v0x562f80a453e0_0, 0;
T_23.4 ;
T_23.1 ;
    %jmp T_23;
    .thread T_23;
    .scope S_0x562f80a45db0;
T_24 ;
    %wait E_0x562f809dcb40;
    %load/vec4 v0x562f80a467f0_0;
    %flag_set/vec4 8;
    %jmp/0xz  T_24.0, 8;
    %pushi/vec4 1, 0, 1;
    %assign/vec4 v0x562f80a46470_0, 0;
    %pushi/vec4 0, 0, 1;
    %assign/vec4 v0x562f80a460f0_0, 0;
    %jmp T_24.1;
T_24.0 ;
    %load/vec4 v0x562f80a46530_0;
    %inv;
    %load/vec4 v0x562f80a46700_0;
    %and;
    %flag_set/vec4 8;
    %jmp/0xz  T_24.2, 8;
    %pushi/vec4 0, 0, 1;
    %assign/vec4 v0x562f80a46470_0, 0;
    %jmp T_24.3;
T_24.2 ;
    %load/vec4 v0x562f80a46640_0;
    %flag_set/vec4 8;
    %jmp/0xz  T_24.4, 8;
    %pushi/vec4 1, 0, 1;
    %assign/vec4 v0x562f80a46470_0, 0;
T_24.4 ;
T_24.3 ;
    %load/vec4 v0x562f80a46530_0;
    %inv;
    %load/vec4 v0x562f80a46700_0;
    %and;
    %assign/vec4 v0x562f80a460f0_0, 0;
T_24.1 ;
    %jmp T_24;
    .thread T_24;
    .scope S_0x562f80a45db0;
T_25 ;
    %wait E_0x562f809dcb40;
    %load/vec4 v0x562f80a460f0_0;
    %flag_set/vec4 8;
    %jmp/0xz  T_25.0, 8;
    %load/vec4 v0x562f80a46370_0;
    %assign/vec4 v0x562f80a45ff0_0, 0;
T_25.0 ;
    %jmp T_25;
    .thread T_25;
    .scope S_0x562f80a45db0;
T_26 ;
    %wait E_0x562f80a41330;
    %load/vec4 v0x562f80a46470_0;
    %load/vec4 v0x562f80a46640_0;
    %or;
    %store/vec4 v0x562f80a46700_0, 0, 1;
    %load/vec4 v0x562f80a460f0_0;
    %flag_set/vec4 8;
    %jmp/0 T_26.0, 8;
    %load/vec4 v0x562f80a46370_0;
    %jmp/1 T_26.1, 8;
T_26.0 ; End of true expr.
    %load/vec4 v0x562f80a45ff0_0;
    %jmp/0 T_26.1, 8;
 ; End of false expr.
    %blend;
T_26.1;
    %store/vec4 v0x562f80a46290_0, 0, 8;
    %jmp T_26;
    .thread T_26, $push;
    .scope S_0x562f809fc9d0;
T_27 ;
    %pushi/vec4 0, 0, 1;
    %store/vec4 v0x562f80a48c80_0, 0, 1;
    %pushi/vec4 0, 0, 1;
    %store/vec4 v0x562f80a48de0_0, 0, 1;
    %pushi/vec4 90, 0, 8;
    %ix/load 4, 0, 0;
    %flag_set/imm 4, 0;
    %store/vec4a v0x562f80a48e80, 4, 0;
    %pushi/vec4 246, 0, 8;
    %ix/load 4, 1, 0;
    %flag_set/imm 4, 0;
    %store/vec4a v0x562f80a48e80, 4, 0;
    %pushi/vec4 9, 0, 8;
    %ix/load 4, 2, 0;
    %flag_set/imm 4, 0;
    %store/vec4a v0x562f80a48e80, 4, 0;
    %pushi/vec4 196, 0, 8;
    %ix/load 4, 3, 0;
    %flag_set/imm 4, 0;
    %store/vec4a v0x562f80a48e80, 4, 0;
    %pushi/vec4 129, 0, 8;
    %ix/load 4, 4, 0;
    %flag_set/imm 4, 0;
    %store/vec4a v0x562f80a48e80, 4, 0;
    %pushi/vec4 226, 0, 8;
    %ix/load 4, 5, 0;
    %flag_set/imm 4, 0;
    %store/vec4a v0x562f80a48e80, 4, 0;
    %pushi/vec4 160, 0, 8;
    %ix/load 4, 6, 0;
    %flag_set/imm 4, 0;
    %store/vec4a v0x562f80a48e80, 4, 0;
    %pushi/vec4 122, 0, 8;
    %ix/load 4, 7, 0;
    %flag_set/imm 4, 0;
    %store/vec4a v0x562f80a48e80, 4, 0;
    %vpi_call 2 22 "$dumpfile", "dump.vcd" {0 0 0};
    %vpi_call 2 23 "$dumpvars" {0 0 0};
    %delay 3, 0;
    %pushi/vec4 1, 0, 1;
    %store/vec4 v0x562f80a48de0_0, 0, 1;
    %delay 10, 0;
    %pushi/vec4 0, 0, 1;
    %store/vec4 v0x562f80a48de0_0, 0, 1;
    %delay 10000, 0;
    %vpi_call 2 31 "$display", "[TIMEOUT]" {0 0 0};
    %vpi_call 2 32 "$finish" {0 0 0};
    %end;
    .thread T_27;
    .scope S_0x562f809fc9d0;
T_28 ;
    %delay 5, 0;
    %load/vec4 v0x562f80a48c80_0;
    %inv;
    %store/vec4 v0x562f80a48c80_0, 0, 1;
    %jmp T_28;
    .thread T_28;
    .scope S_0x562f809fc9d0;
T_29 ;
    %wait E_0x562f809dcb40;
    %load/vec4 v0x562f80a48de0_0;
    %flag_set/vec4 8;
    %jmp/0xz  T_29.0, 8;
    %pushi/vec4 0, 0, 32;
    %assign/vec4 v0x562f80a46ed0_0, 0;
    %pushi/vec4 0, 0, 32;
    %assign/vec4 v0x562f80a47390_0, 0;
    %pushi/vec4 0, 0, 32;
    %assign/vec4 v0x562f80a47960_0, 0;
    %pushi/vec4 0, 0, 32;
    %assign/vec4 v0x562f80a47de0_0, 0;
    %pushi/vec4 0, 0, 32;
    %assign/vec4 v0x562f80a46d90_0, 0;
    %pushi/vec4 0, 0, 32;
    %assign/vec4 v0x562f80a47250_0, 0;
    %pushi/vec4 0, 0, 32;
    %assign/vec4 v0x562f80a478a0_0, 0;
    %pushi/vec4 0, 0, 32;
    %assign/vec4 v0x562f80a47d40_0, 0;
    %pushi/vec4 0, 0, 1;
    %assign/vec4 v0x562f80a46e30_0, 0;
    %pushi/vec4 0, 0, 1;
    %assign/vec4 v0x562f80a46cc0_0, 0;
    %pushi/vec4 0, 0, 1;
    %assign/vec4 v0x562f80a472f0_0, 0;
    %pushi/vec4 0, 0, 1;
    %assign/vec4 v0x562f80a47180_0, 0;
    %pushi/vec4 0, 0, 1;
    %assign/vec4 v0x562f80a477b0_0, 0;
    %pushi/vec4 0, 0, 1;
    %assign/vec4 v0x562f80a47c70_0, 0;
    %pushi/vec4 0, 0, 1;
    %assign/vec4 v0x562f80a48d20_0, 0;
    %jmp T_29.1;
T_29.0 ;
    %load/vec4 v0x562f80a46bc0_0;
    %nor/r;
    %ix/getv/s 4, v0x562f80a46ed0_0;
    %load/vec4a v0x562f80a48e80, 4;
    %pushi/vec4 255, 255, 8;
    %cmp/e;
    %flag_get/vec4 6;
    %inv;
    %and;
    %flag_set/vec4 8;
    %jmp/0xz  T_29.2, 8;
    %load/vec4 v0x562f80a46ed0_0;
    %addi 1, 0, 32;
    %assign/vec4 v0x562f80a46ed0_0, 0;
T_29.2 ;
    %load/vec4 v0x562f80a470b0_0;
    %nor/r;
    %ix/getv/s 4, v0x562f80a47390_0;
    %load/vec4a v0x562f80a48e80, 4;
    %pushi/vec4 255, 255, 8;
    %cmp/e;
    %flag_get/vec4 6;
    %inv;
    %and;
    %flag_set/vec4 8;
    %jmp/0xz  T_29.4, 8;
    %load/vec4 v0x562f80a47390_0;
    %addi 1, 0, 32;
    %assign/vec4 v0x562f80a47390_0, 0;
T_29.4 ;
    %load/vec4 v0x562f80a47600_0;
    %nor/r;
    %ix/getv/s 4, v0x562f80a47960_0;
    %load/vec4a v0x562f80a48e80, 4;
    %pushi/vec4 255, 255, 8;
    %cmp/e;
    %flag_get/vec4 6;
    %inv;
    %and;
    %flag_set/vec4 8;
    %jmp/0xz  T_29.6, 8;
    %load/vec4 v0x562f80a47960_0;
    %addi 1, 0, 32;
    %assign/vec4 v0x562f80a47960_0, 0;
T_29.6 ;
    %load/vec4 v0x562f80a47ba0_0;
    %nor/r;
    %ix/getv/s 4, v0x562f80a47de0_0;
    %load/vec4a v0x562f80a48e80, 4;
    %pushi/vec4 255, 255, 8;
    %cmp/e;
    %flag_get/vec4 6;
    %inv;
    %and;
    %flag_set/vec4 8;
    %jmp/0xz  T_29.8, 8;
    %load/vec4 v0x562f80a47de0_0;
    %addi 1, 0, 32;
    %assign/vec4 v0x562f80a47de0_0, 0;
T_29.8 ;
    %load/vec4 v0x562f80a46af0_0;
    %nor/r;
    %load/vec4 v0x562f80a46cc0_0;
    %and;
    %assign/vec4 v0x562f80a46e30_0, 0;
    %load/vec4 v0x562f80a46e30_0;
    %flag_set/vec4 8;
    %jmp/0xz  T_29.10, 8;
    %ix/getv/s 4, v0x562f80a46d90_0;
    %load/vec4a v0x562f80a48e80, 4;
    %load/vec4 v0x562f80a469e0_0;
    %cmp/ne;
    %jmp/0xz  T_29.12, 6;
    %pushi/vec4 1, 0, 1;
    %assign/vec4 v0x562f80a48d20_0, 0;
    %vpi_call 2 174 "$display", "[ERROR] A output No. %d 0x%08x != 0x%08x", v0x562f80a46d90_0, v0x562f80a469e0_0, &A<v0x562f80a48e80, v0x562f80a46d90_0 > {0 0 0};
T_29.12 ;
    %load/vec4 v0x562f80a46d90_0;
    %addi 1, 0, 32;
    %assign/vec4 v0x562f80a46d90_0, 0;
T_29.10 ;
    %load/vec4 v0x562f80a47010_0;
    %nor/r;
    %load/vec4 v0x562f80a47180_0;
    %and;
    %assign/vec4 v0x562f80a472f0_0, 0;
    %load/vec4 v0x562f80a472f0_0;
    %flag_set/vec4 8;
    %jmp/0xz  T_29.14, 8;
    %ix/getv/s 4, v0x562f80a47250_0;
    %load/vec4a v0x562f80a48e80, 4;
    %load/vec4 v0x562f80a46f70_0;
    %cmp/ne;
    %jmp/0xz  T_29.16, 6;
    %pushi/vec4 1, 0, 1;
    %assign/vec4 v0x562f80a48d20_0, 0;
    %vpi_call 2 184 "$display", "[ERROR] B output No. %d 0x%08x != 0x%08x", v0x562f80a47250_0, v0x562f80a46f70_0, &A<v0x562f80a48e80, v0x562f80a47250_0 > {0 0 0};
T_29.16 ;
    %load/vec4 v0x562f80a47250_0;
    %addi 1, 0, 32;
    %assign/vec4 v0x562f80a47250_0, 0;
T_29.14 ;
    %load/vec4 v0x562f80a47510_0;
    %nor/r;
    %load/vec4 v0x562f80a477b0_0;
    %and;
    %flag_set/vec4 8;
    %jmp/0xz  T_29.18, 8;
    %ix/getv/s 4, v0x562f80a478a0_0;
    %load/vec4a v0x562f80a48e80, 4;
    %load/vec4 v0x562f80a47450_0;
    %cmp/ne;
    %jmp/0xz  T_29.20, 6;
    %pushi/vec4 1, 0, 1;
    %assign/vec4 v0x562f80a48d20_0, 0;
    %vpi_call 2 192 "$display", "[ERROR] C output No. %d 0x%08x != 0x%08x", v0x562f80a478a0_0, v0x562f80a47450_0, &A<v0x562f80a48e80, v0x562f80a478a0_0 > {0 0 0};
T_29.20 ;
    %load/vec4 v0x562f80a478a0_0;
    %addi 1, 0, 32;
    %assign/vec4 v0x562f80a478a0_0, 0;
T_29.18 ;
    %load/vec4 v0x562f80a47b00_0;
    %nor/r;
    %load/vec4 v0x562f80a47c70_0;
    %and;
    %flag_set/vec4 8;
    %jmp/0xz  T_29.22, 8;
    %ix/getv/s 4, v0x562f80a47d40_0;
    %load/vec4a v0x562f80a48e80, 4;
    %load/vec4 v0x562f80a47a40_0;
    %cmp/ne;
    %jmp/0xz  T_29.24, 6;
    %pushi/vec4 1, 0, 1;
    %assign/vec4 v0x562f80a48d20_0, 0;
    %vpi_call 2 200 "$display", "[ERROR] D output No. %d 0x%08x != 0x%08x", v0x562f80a47d40_0, v0x562f80a47a40_0, &A<v0x562f80a48e80, v0x562f80a47d40_0 > {0 0 0};
T_29.24 ;
    %load/vec4 v0x562f80a47d40_0;
    %addi 1, 0, 32;
    %assign/vec4 v0x562f80a47d40_0, 0;
T_29.22 ;
    %vpi_func 2 211 "$urandom_range" 32, 32'sb00000000000000000000000000000000, 32'sb00000000000000000000000000000001 {0 0 0};
    %pad/u 1;
    %store/vec4 v0x562f80a46cc0_0, 0, 1;
    %vpi_func 2 212 "$urandom_range" 32, 32'sb00000000000000000000000000000000, 32'sb00000000000000000000000000000001 {0 0 0};
    %pad/u 1;
    %store/vec4 v0x562f80a47180_0, 0, 1;
    %vpi_func 2 213 "$urandom_range" 32, 32'sb00000000000000000000000000000000, 32'sb00000000000000000000000000000001 {0 0 0};
    %pad/u 1;
    %store/vec4 v0x562f80a477b0_0, 0, 1;
    %vpi_func 2 214 "$urandom_range" 32, 32'sb00000000000000000000000000000000, 32'sb00000000000000000000000000000001 {0 0 0};
    %pad/u 1;
    %store/vec4 v0x562f80a47c70_0, 0, 1;
    %ix/getv/s 4, v0x562f80a46d90_0;
    %load/vec4a v0x562f80a48e80, 4;
    %pushi/vec4 255, 255, 8;
    %cmp/e;
    %flag_get/vec4 6;
    %ix/getv/s 4, v0x562f80a47250_0;
    %load/vec4a v0x562f80a48e80, 4;
    %pushi/vec4 255, 255, 8;
    %cmp/e;
    %flag_get/vec4 6;
    %and;
    %ix/getv/s 4, v0x562f80a478a0_0;
    %load/vec4a v0x562f80a48e80, 4;
    %pushi/vec4 255, 255, 8;
    %cmp/e;
    %flag_get/vec4 6;
    %and;
    %ix/getv/s 4, v0x562f80a47d40_0;
    %load/vec4a v0x562f80a48e80, 4;
    %pushi/vec4 255, 255, 8;
    %cmp/e;
    %flag_get/vec4 6;
    %and;
    %flag_set/vec4 8;
    %jmp/0xz  T_29.26, 8;
    %load/vec4 v0x562f80a48d20_0;
    %flag_set/vec4 8;
    %jmp/0xz  T_29.28, 8;
    %vpi_call 2 222 "$display", "[FAIL]" {0 0 0};
    %jmp T_29.29;
T_29.28 ;
    %vpi_call 2 224 "$display", "[PASS]" {0 0 0};
T_29.29 ;
    %vpi_call 2 226 "$finish" {0 0 0};
T_29.26 ;
T_29.1 ;
    %jmp T_29;
    .thread T_29;
# The file index is used to find the file name in the following table.
:file_names 6;
    "N/A";
    "<interactive>";
    "prga_fifo.tb.v";
    "prga_fifo.v";
    "prga_ram_1r1w.v";
    "prga_fifo_lookahead_buffer.v";
